0 info it worked if it ends with ok
1 verbose cli [ '/Users/xiaoweirwang/.nvm/versions/node/v4.4.2/bin/node',
1 verbose cli   '/Users/xiaoweirwang/.nvm/versions/node/v4.4.2/bin/npm',
1 verbose cli   'install' ]
2 info using npm@2.15.0
3 info using node@v4.4.2
4 verbose config Skipping project config: /Users/xiaoweirwang/.npmrc. (matches userconfig)
5 verbose readDependencies loading dependencies from /Users/xiaoweirwang/package.json
6 error install Couldn't read dependencies
7 verbose stack Error: ENOENT: no such file or directory, open '/Users/xiaoweirwang/package.json'
7 verbose stack     at Error (native)
8 verbose cwd /Users/xiaoweirwang/Projects/nortia
9 error Darwin 15.6.0
10 error argv "/Users/xiaoweirwang/.nvm/versions/node/v4.4.2/bin/node" "/Users/xiaoweirwang/.nvm/versions/node/v4.4.2/bin/npm" "install"
11 error node v4.4.2
12 error npm  v2.15.0
13 error path /Users/xiaoweirwang/package.json
14 error code ENOPACKAGEJSON
15 error errno -2
16 error syscall open
17 error package.json ENOENT: no such file or directory, open '/Users/xiaoweirwang/package.json'
17 error package.json This is most likely not a problem with npm itself.
17 error package.json npm can't find a package.json file in your current directory.
18 verbose exit [ -2, true ]
